<?xml version="1.0" encoding="UTF-8"?>
<!-- Generated by org.testng.reporters.JUnitReportReporter -->
<testsuite skipped="0" hostname="LAPTOP-IBONIF92" name="TestNGPackage.TestNGFirstscript" tests="1" failures="0" timestamp="09 Jun 2018 23:15:19 GMT" time="3.218" errors="0">
  <testcase name="VerifyRegisterlink" time="3.218" classname="TestNGPackage.TestNGFirstscript"/>
</testsuite> <!-- TestNGPackage.TestNGFirstscript -->
